<?xml version="1.0" encoding="UTF-8"?>
<testng-results ignored="0" total="1" passed="1" failed="0" skipped="0">
  <reporter-output>
  </reporter-output>
  <suite started-at="2025-03-16T01:40:25 IST" name="Suite" finished-at="2025-03-16T01:40:31 IST" duration-ms="5895">
    <groups>
    </groups>
    <test started-at="2025-03-16T01:40:25 IST" name="Test" finished-at="2025-03-16T01:40:31 IST" duration-ms="5895">
      <class name="testcase.TC_002">
        <test-method is-config="true" signature="setup(java.lang.String,java.lang.String)[pri:0, instance:testcase.TC_002@3a12c404]" started-at="2025-03-16T01:40:25 IST" name="setup" finished-at="2025-03-16T01:40:27 IST" duration-ms="2149" status="PASS">
          <params>
            <param index="0">
              <value>
                <![CDATA[windows]]>
              </value>
            </param>
            <param index="1">
              <value>
                <![CDATA[chrome]]>
              </value>
            </param>
          </params>
          <reporter-output>
          </reporter-output>
        </test-method> <!-- setup -->
        <test-method signature="verify_Login()[pri:0, instance:testcase.TC_002@3a12c404]" started-at="2025-03-16T01:40:27 IST" name="verify_Login" finished-at="2025-03-16T01:40:31 IST" duration-ms="3504" status="PASS">
          <reporter-output>
          </reporter-output>
        </test-method> <!-- verify_Login -->
        <test-method is-config="true" signature="teardown()[pri:0, instance:testcase.TC_002@3a12c404]" started-at="2025-03-16T01:40:31 IST" name="teardown" finished-at="2025-03-16T01:40:31 IST" duration-ms="201" status="PASS">
          <reporter-output>
          </reporter-output>
        </test-method> <!-- teardown -->
      </class> <!-- testcase.TC_002 -->
    </test> <!-- Test -->
  </suite> <!-- Suite -->
</testng-results>
